<?xml version="1.0" encoding="UTF-8"?>
<!-- Generated by org.testng.reporters.JUnitReportReporter -->
<testsuite hostname="LAPTOP-R1SN0VU9" failures="0" tests="2" name="com.tutorialsninja.qa.testcases.Login" time="10.859" errors="0" timestamp="14 Sep 2023 13:28:01 GMT" skipped="1">
  <testcase classname="com.tutorialsninja.qa.testcases.Login" name="verifyLoginWithInvalidCredentials" time="10.859"/>
  <testcase classname="com.tutorialsninja.qa.testcases.Login" name="verifyLoginWithValidCredentials" time="0.000">
    <skipped/>
  </testcase> <!-- verifyLoginWithValidCredentials -->
</testsuite> <!-- com.tutorialsninja.qa.testcases.Login -->
