<?xml version="1.0" encoding="UTF-8"?>
<!-- Generated by org.testng.reporters.JUnitReportReporter -->
<testsuite hostname="LAPTOP-R1SN0VU9" failures="0" tests="2" name="com.tutorialsninja.qa.testcases.Registration" time="13.003" errors="0" timestamp="14 Sep 2023 13:28:01 GMT" skipped="0">
  <testcase classname="com.tutorialsninja.qa.testcases.Registration" name="Register" time="6.888"/>
  <testcase classname="com.tutorialsninja.qa.testcases.Registration" name="verifyRegistrationByProvidingAllTheFileds" time="6.115"/>
</testsuite> <!-- com.tutorialsninja.qa.testcases.Registration -->
