<?xml version="1.0" encoding="UTF-8"?>
<!-- Generated by org.testng.reporters.JUnitReportReporter -->
<testsuite hostname="LAPTOP-R1SN0VU9" failures="0" tests="2" name="com.tutorialsninja.qa.testcases.Search" time="10.209" errors="0" timestamp="14 Sep 2023 13:28:01 GMT" skipped="0">
  <testcase classname="com.tutorialsninja.qa.testcases.Search" name="verifyTheSearchForValidProduct" time="5.389"/>
  <testcase classname="com.tutorialsninja.qa.testcases.Search" name="verifyTheSearchWithInvalidProduct" time="4.820"/>
</testsuite> <!-- com.tutorialsninja.qa.testcases.Search -->
